nohup: ignoring input
[1,    10] loss: 0.451
[1,    20] loss: 0.217
[1,    30] loss: 0.184
[1,    40] loss: 0.147
[1,    50] loss: 0.146
[1,    60] loss: 0.115
[1,    70] loss: 0.083
[1,    80] loss: 0.104
[1,    90] loss: 0.152
[1,   100] loss: 0.104
[1,   110] loss: 0.098
[1,   120] loss: 0.115
[1,   130] loss: 0.119
[1,   140] loss: 0.107
[1,   150] loss: 0.088
[1,   160] loss: 0.085
[1,   170] loss: 0.105
[1,   180] loss: 0.112
[1,   190] loss: 0.105
[1,   200] loss: 0.098
[1,   210] loss: 0.087
[1,   220] loss: 0.081
[1,   230] loss: 0.097
[1,   240] loss: 0.090
[1,   250] loss: 0.100
[1,   260] loss: 0.093
[1,   270] loss: 0.097
[1,   280] loss: 0.114
[1,   290] loss: 0.097
[1,   300] loss: 0.107
[1,   310] loss: 0.102
[1,   320] loss: 0.090
[1,   330] loss: 0.072
[1,   340] loss: 0.132
[1,   350] loss: 0.084
[1,   360] loss: 0.089
[1,   370] loss: 0.088
[1,   380] loss: 0.089
[1,   390] loss: 0.118
[1,   400] loss: 0.108
[1,   410] loss: 0.089
[1,   420] loss: 0.061
[1,   430] loss: 0.075
[1,   440] loss: 0.100
[1,   450] loss: 0.113
[1,   460] loss: 0.063
[1,   470] loss: 0.110
[1,   480] loss: 0.102
[1,   490] loss: 0.093
[1,   500] loss: 0.064
[1,   510] loss: 0.082
[1,   520] loss: 0.089
[1,   530] loss: 0.072
[1,   540] loss: 0.088
[1,   550] loss: 0.107
[1,   560] loss: 0.095
[1,   570] loss: 0.077
[1,   580] loss: 0.088
[1,   590] loss: 0.077
[1,   600] loss: 0.086
[1,   610] loss: 0.109
[1,   620] loss: 0.112
[1,   630] loss: 0.082
[1,   640] loss: 0.063
[1,   650] loss: 0.069
[1,   660] loss: 0.082
[1,   670] loss: 0.095
[1,   680] loss: 0.114
[1,   690] loss: 0.106
[1,   700] loss: 0.095
[1,   710] loss: 0.096
[1,   720] loss: 0.095
[1,   730] loss: 0.068
[1,   740] loss: 0.063
[1,   750] loss: 0.071
[1,   760] loss: 0.082
[1,   770] loss: 0.104
[1,   780] loss: 0.124
[1,   790] loss: 0.093
Epoch 1/1, Loss: 0.055483877658843994
accuracy: 0.9728346456692913, loss: 0.07880371545790459
